<?xml version="1.0" encoding="UTF-8"?>
<!-- Generated by org.testng.reporters.JUnitReportReporter -->
<testsuite hostname="Sadvi" failures="0" tests="5" name="com.lbrce.cseb.UserValidationTest" time="0.015" errors="0" timestamp="2023-11-04T07:44:29 IST" skipped="0">
  <testcase classname="com.lbrce.cseb.UserValidationTest" name="testCase2" time="0.000"/>
  <testcase classname="com.lbrce.cseb.UserValidationTest" name="testCase1" time="0.015"/>
  <testcase classname="com.lbrce.cseb.UserValidationTest" name="testCase5" time="0.000"/>
  <testcase classname="com.lbrce.cseb.UserValidationTest" name="testCase4" time="0.000"/>
  <testcase classname="com.lbrce.cseb.UserValidationTest" name="testCase3" time="0.000"/>
</testsuite> <!-- com.lbrce.cseb.UserValidationTest -->
